[12:18:42] [main/INFO]: Environment: authHost='https://authserver.mojang.com', accountsHost='https://api.mojang.com', sessionHost='https://sessionserver.mojang.com', name='PROD'
[12:18:43] [main/INFO]: Reloading ResourceManager: Default, bukkit
[12:18:43] [Worker-Main-1/INFO]: Loaded 7 recipes
[12:18:44] [Server thread/INFO]: Starting minecraft server version 1.16.3
[12:18:44] [Server thread/INFO]: Loading properties
[12:18:44] [Server console handler/WARN]: [org.jline] Failed to load history
java.lang.IllegalArgumentException: Bad history file syntax! The history file `.console_history` may be an older history: please remove it or use a different history file.
	at org.jline.reader.impl.history.DefaultHistory.addHistoryLine(DefaultHistory.java:179) ~[patched_1.16.3.jar:git-Paper-206]
	at org.jline.reader.impl.history.DefaultHistory.addHistoryLine(DefaultHistory.java:169) ~[patched_1.16.3.jar:git-Paper-206]
	at org.jline.reader.impl.history.DefaultHistory.lambda$load$0(DefaultHistory.java:86) ~[patched_1.16.3.jar:git-Paper-206]
	at java.util.Iterator.forEachRemaining(Unknown Source) ~[?:1.8.0_261]
	at java.util.Spliterators$IteratorSpliterator.forEachRemaining(Unknown Source) ~[?:1.8.0_261]
	at java.util.stream.ReferencePipeline$Head.forEach(Unknown Source) ~[?:1.8.0_261]
	at org.jline.reader.impl.history.DefaultHistory.load(DefaultHistory.java:86) ~[patched_1.16.3.jar:git-Paper-206]
	at org.jline.reader.impl.history.DefaultHistory.attach(DefaultHistory.java:69) ~[patched_1.16.3.jar:git-Paper-206]
	at org.jline.reader.impl.LineReaderImpl.readLine(LineReaderImpl.java:527) ~[patched_1.16.3.jar:git-Paper-206]
	at org.jline.reader.impl.LineReaderImpl.readLine(LineReaderImpl.java:418) ~[patched_1.16.3.jar:git-Paper-206]
	at net.minecrell.terminalconsole.SimpleTerminalConsole.readCommands(SimpleTerminalConsole.java:158) ~[patched_1.16.3.jar:git-Paper-206]
	at net.minecrell.terminalconsole.SimpleTerminalConsole.start(SimpleTerminalConsole.java:141) ~[patched_1.16.3.jar:git-Paper-206]
	at net.minecraft.server.v1_16_R2.DedicatedServer$1.run(DedicatedServer.java:64) ~[patched_1.16.3.jar:git-Paper-206]
[12:18:44] [Server thread/INFO]: This server is running Paper version git-Paper-206 (MC: 1.16.3) (Implementing API version 1.16.3-R0.1-SNAPSHOT)
[12:18:45] [Server thread/INFO]: Debug logging is disabled
[12:18:45] [Server thread/INFO]: Using 4 threads for Netty based IO
[12:18:45] [Server thread/INFO]: Server Ping Player Sample Count: 12
[12:18:45] [Server thread/INFO]: Default game type: SURVIVAL
[12:18:45] [Server thread/INFO]: Generating keypair
[12:18:45] [Server thread/INFO]: Starting Minecraft server on *:25565
[12:18:45] [Server thread/INFO]: Using default channel type
[12:18:47] [Server thread/INFO]: [WorldEdit] Loading WorldEdit v7.2.0-beta-05+e575ffe
[12:18:47] [Server thread/INFO]: Got request to register class com.sk89q.worldedit.bukkit.BukkitServerInterface with WorldEdit [com.sk89q.worldedit.extension.platform.PlatformManager@4cd059b7]
[12:18:47] [Server thread/INFO]: [WorldGuard] Loading WorldGuard v7.0.4+f7ff984
[12:18:47] [Server thread/INFO]: [Skript] Loading Skript v2.5
[12:18:47] [Server thread/INFO]: [Skellett] Loading Skellett v1.9.9
[12:18:47] [Server thread/INFO]: Server permissions file permissions.yml is empty, ignoring it
[12:18:47] [Server thread/INFO]: [WorldEdit] Enabling WorldEdit v7.2.0-beta-05+e575ffe
[12:18:47] [Server thread/INFO]: WEPIF: Using the Bukkit Permissions API.
[12:18:48] [Server thread/INFO]: Using com.sk89q.worldedit.bukkit.adapter.impl.Spigot_v1_16_R2 as the Bukkit adapter
[12:18:49] [Server thread/INFO]: Preparing level "Fonixcraft"
[12:18:49] [Server thread/INFO]: -------- World Settings For [Fonixcraft] --------
[12:18:49] [Server thread/INFO]: Entity Tracking Range: Pl 48 / An 48 / Mo 48 / Mi 32 / Other 64
[12:18:49] [Server thread/INFO]: Allow Zombie Pigmen to spawn from portal blocks: true
[12:18:49] [Server thread/INFO]: Item Despawn Rate: 6000
[12:18:49] [Server thread/INFO]: Item Merge Radius: 2.5
[12:18:49] [Server thread/INFO]: View Distance: 10
[12:18:49] [Server thread/INFO]: Experience Merge Radius: 3.0
[12:18:49] [Server thread/INFO]: Hopper Transfer: 8 Hopper Check: 1 Hopper Amount: 1
[12:18:49] [Server thread/INFO]: Entity Activation Range: An 32 / Mo 32 / Ra 48 / Mi 16 / Tiv true
[12:18:49] [Server thread/INFO]: Cactus Growth Modifier: 100%
[12:18:49] [Server thread/INFO]: Cane Growth Modifier: 100%
[12:18:49] [Server thread/INFO]: Melon Growth Modifier: 100%
[12:18:49] [Server thread/INFO]: Mushroom Growth Modifier: 100%
[12:18:49] [Server thread/INFO]: Pumpkin Growth Modifier: 100%
[12:18:49] [Server thread/INFO]: Sapling Growth Modifier: 100%
[12:18:49] [Server thread/INFO]: Beetroot Growth Modifier: 100%
[12:18:49] [Server thread/INFO]: Carrot Growth Modifier: 100%
[12:18:49] [Server thread/INFO]: Potato Growth Modifier: 100%
[12:18:49] [Server thread/INFO]: Wheat Growth Modifier: 100%
[12:18:49] [Server thread/INFO]: NetherWart Growth Modifier: 100%
[12:18:49] [Server thread/INFO]: Vine Growth Modifier: 100%
[12:18:49] [Server thread/INFO]: Cocoa Growth Modifier: 100%
[12:18:49] [Server thread/INFO]: Bamboo Growth Modifier: 100%
[12:18:49] [Server thread/INFO]: SweetBerry Growth Modifier: 100%
[12:18:49] [Server thread/INFO]: Kelp Growth Modifier: 100%
[12:18:49] [Server thread/INFO]: Max TNT Explosions: 100
[12:18:49] [Server thread/INFO]: Tile Max Tick Time: 50ms Entity max Tick Time: 50ms
[12:18:49] [Server thread/INFO]: Mob Spawn Range: 8
[12:18:49] [Server thread/INFO]: Zombie Aggressive Towards Villager: true
[12:18:49] [Server thread/INFO]: Arrow Despawn Rate: 1200 Trident Respawn Rate:1200
[12:18:49] [Server thread/INFO]: Nerfing mobs spawned from spawners: false
[12:18:49] [Server thread/INFO]: Custom Map Seeds:  Village: 10387312 Desert: 14357617 Igloo: 14357618 Jungle: 14357619 Swamp: 14357620 Monument: 10387313 Ocean: 14357621 Shipwreck: 165745295 End City: 10387313 Slime: 987234911 Bastion: 30084232 Fortress: 30084232 Mansion: 10387319 Fossil: 14357921 Portal: 34222645
[12:18:49] [Server thread/INFO]: Registering commands with com.sk89q.worldedit.bukkit.BukkitServerInterface
[12:18:50] [Server thread/INFO]: -------- World Settings For [Fonixcraft_nether] --------
[12:18:50] [Server thread/INFO]: Entity Tracking Range: Pl 48 / An 48 / Mo 48 / Mi 32 / Other 64
[12:18:50] [Server thread/INFO]: Allow Zombie Pigmen to spawn from portal blocks: true
[12:18:50] [Server thread/INFO]: Item Despawn Rate: 6000
[12:18:50] [Server thread/INFO]: Item Merge Radius: 2.5
[12:18:50] [Server thread/INFO]: View Distance: 10
[12:18:50] [Server thread/INFO]: Experience Merge Radius: 3.0
[12:18:50] [Server thread/INFO]: Hopper Transfer: 8 Hopper Check: 1 Hopper Amount: 1
[12:18:50] [Server thread/INFO]: Entity Activation Range: An 32 / Mo 32 / Ra 48 / Mi 16 / Tiv true
[12:18:50] [Server thread/INFO]: Cactus Growth Modifier: 100%
[12:18:50] [Server thread/INFO]: Cane Growth Modifier: 100%
[12:18:50] [Server thread/INFO]: Melon Growth Modifier: 100%
[12:18:50] [Server thread/INFO]: Mushroom Growth Modifier: 100%
[12:18:50] [Server thread/INFO]: Pumpkin Growth Modifier: 100%
[12:18:50] [Server thread/INFO]: Sapling Growth Modifier: 100%
[12:18:50] [Server thread/INFO]: Beetroot Growth Modifier: 100%
[12:18:50] [Server thread/INFO]: Carrot Growth Modifier: 100%
[12:18:50] [Server thread/INFO]: Potato Growth Modifier: 100%
[12:18:50] [Server thread/INFO]: Wheat Growth Modifier: 100%
[12:18:50] [Server thread/INFO]: NetherWart Growth Modifier: 100%
[12:18:50] [Server thread/INFO]: Vine Growth Modifier: 100%
[12:18:50] [Server thread/INFO]: Cocoa Growth Modifier: 100%
[12:18:50] [Server thread/INFO]: Bamboo Growth Modifier: 100%
[12:18:50] [Server thread/INFO]: SweetBerry Growth Modifier: 100%
[12:18:50] [Server thread/INFO]: Kelp Growth Modifier: 100%
[12:18:50] [Server thread/INFO]: Max TNT Explosions: 100
[12:18:50] [Server thread/INFO]: Tile Max Tick Time: 50ms Entity max Tick Time: 50ms
[12:18:50] [Server thread/INFO]: Mob Spawn Range: 8
[12:18:50] [Server thread/INFO]: Zombie Aggressive Towards Villager: true
[12:18:50] [Server thread/INFO]: Arrow Despawn Rate: 1200 Trident Respawn Rate:1200
[12:18:50] [Server thread/INFO]: Nerfing mobs spawned from spawners: false
[12:18:50] [Server thread/INFO]: Custom Map Seeds:  Village: 10387312 Desert: 14357617 Igloo: 14357618 Jungle: 14357619 Swamp: 14357620 Monument: 10387313 Ocean: 14357621 Shipwreck: 165745295 End City: 10387313 Slime: 987234911 Bastion: 30084232 Fortress: 30084232 Mansion: 10387319 Fossil: 14357921 Portal: 34222645
[12:18:50] [Server thread/INFO]: -------- World Settings For [Fonixcraft_the_end] --------
[12:18:50] [Server thread/INFO]: Entity Tracking Range: Pl 48 / An 48 / Mo 48 / Mi 32 / Other 64
[12:18:50] [Server thread/INFO]: Allow Zombie Pigmen to spawn from portal blocks: true
[12:18:50] [Server thread/INFO]: Item Despawn Rate: 6000
[12:18:50] [Server thread/INFO]: Item Merge Radius: 2.5
[12:18:50] [Server thread/INFO]: View Distance: 10
[12:18:50] [Server thread/INFO]: Experience Merge Radius: 3.0
[12:18:50] [Server thread/INFO]: Hopper Transfer: 8 Hopper Check: 1 Hopper Amount: 1
[12:18:50] [Server thread/INFO]: Entity Activation Range: An 32 / Mo 32 / Ra 48 / Mi 16 / Tiv true
[12:18:50] [Server thread/INFO]: Cactus Growth Modifier: 100%
[12:18:50] [Server thread/INFO]: Cane Growth Modifier: 100%
[12:18:50] [Server thread/INFO]: Melon Growth Modifier: 100%
[12:18:50] [Server thread/INFO]: Mushroom Growth Modifier: 100%
[12:18:50] [Server thread/INFO]: Pumpkin Growth Modifier: 100%
[12:18:50] [Server thread/INFO]: Sapling Growth Modifier: 100%
[12:18:50] [Server thread/INFO]: Beetroot Growth Modifier: 100%
[12:18:50] [Server thread/INFO]: Carrot Growth Modifier: 100%
[12:18:50] [Server thread/INFO]: Potato Growth Modifier: 100%
[12:18:50] [Server thread/INFO]: Wheat Growth Modifier: 100%
[12:18:50] [Server thread/INFO]: NetherWart Growth Modifier: 100%
[12:18:50] [Server thread/INFO]: Vine Growth Modifier: 100%
[12:18:50] [Server thread/INFO]: Cocoa Growth Modifier: 100%
[12:18:50] [Server thread/INFO]: Bamboo Growth Modifier: 100%
[12:18:50] [Server thread/INFO]: SweetBerry Growth Modifier: 100%
[12:18:50] [Server thread/INFO]: Kelp Growth Modifier: 100%
[12:18:50] [Server thread/INFO]: Max TNT Explosions: 100
[12:18:50] [Server thread/INFO]: Tile Max Tick Time: 50ms Entity max Tick Time: 50ms
[12:18:50] [Server thread/INFO]: Mob Spawn Range: 8
[12:18:50] [Server thread/INFO]: Zombie Aggressive Towards Villager: true
[12:18:50] [Server thread/INFO]: Arrow Despawn Rate: 1200 Trident Respawn Rate:1200
[12:18:50] [Server thread/INFO]: Nerfing mobs spawned from spawners: false
[12:18:50] [Server thread/INFO]: Custom Map Seeds:  Village: 10387312 Desert: 14357617 Igloo: 14357618 Jungle: 14357619 Swamp: 14357620 Monument: 10387313 Ocean: 14357621 Shipwreck: 165745295 End City: 10387313 Slime: 987234911 Bastion: 30084232 Fortress: 30084232 Mansion: 10387319 Fossil: 14357921 Portal: 34222645
[12:18:50] [Server thread/INFO]: Preparing start region for dimension minecraft:overworld
[12:18:50] [Server thread/INFO]: Loaded 0 spawn chunks for world Fonixcraft
[12:18:50] [Server thread/INFO]: Time elapsed: 342 ms
[12:18:50] [Server thread/INFO]: Preparing start region for dimension minecraft:the_nether
[12:18:50] [Server thread/INFO]: Loaded 0 spawn chunks for world Fonixcraft_nether
[12:18:50] [Server thread/INFO]: Time elapsed: 75 ms
[12:18:50] [Server thread/INFO]: Preparing start region for dimension minecraft:the_end
[12:18:50] [Server thread/INFO]: Loaded 0 spawn chunks for world Fonixcraft_the_end
[12:18:50] [Server thread/INFO]: Time elapsed: 55 ms
[12:18:50] [Server thread/INFO]: [WorldGuard] Enabling WorldGuard v7.0.4+f7ff984
[12:18:50] [Server thread/INFO]: [WorldGuard] (Fonixcraft) TNT ignition is PERMITTED.
[12:18:50] [Server thread/INFO]: [WorldGuard] (Fonixcraft) Lighters are PERMITTED.
[12:18:50] [Server thread/INFO]: [WorldGuard] (Fonixcraft) Lava fire is PERMITTED.
[12:18:50] [Server thread/INFO]: [WorldGuard] (Fonixcraft) Fire spread is UNRESTRICTED.
[12:18:50] [Server thread/INFO]: [WorldGuard] Loaded configuration for world 'Fonixcraft'
[12:18:50] [Server thread/INFO]: [WorldGuard] (Fonixcraft_nether) TNT ignition is PERMITTED.
[12:18:50] [Server thread/INFO]: [WorldGuard] (Fonixcraft_nether) Lighters are PERMITTED.
[12:18:50] [Server thread/INFO]: [WorldGuard] (Fonixcraft_nether) Lava fire is PERMITTED.
[12:18:50] [Server thread/INFO]: [WorldGuard] (Fonixcraft_nether) Fire spread is UNRESTRICTED.
[12:18:50] [Server thread/INFO]: [WorldGuard] Loaded configuration for world 'Fonixcraft_nether'
[12:18:50] [Server thread/INFO]: [WorldGuard] (Fonixcraft_the_end) TNT ignition is PERMITTED.
[12:18:50] [Server thread/INFO]: [WorldGuard] (Fonixcraft_the_end) Lighters are PERMITTED.
[12:18:50] [Server thread/INFO]: [WorldGuard] (Fonixcraft_the_end) Lava fire is PERMITTED.
[12:18:50] [Server thread/INFO]: [WorldGuard] (Fonixcraft_the_end) Fire spread is UNRESTRICTED.
[12:18:50] [Server thread/INFO]: [WorldGuard] Loaded configuration for world 'Fonixcraft_the_end'
[12:18:50] [Server thread/INFO]: [WorldGuard] Loading region data...
[12:18:51] [Server thread/INFO]: [Skript] Enabling Skript v2.5
[12:18:54] [ForkJoinPool.commonPool-worker-1/INFO]: [Skript] A new version of Skript is available: 2.5.1 (you're currently running 2.5)
[12:18:54] [ForkJoinPool.commonPool-worker-1/INFO]: Download it at: <aqua><u><link:https://github.com/SkriptLang/Skript/releases/download/2.5.1/Skript.jar>https://github.com/SkriptLang/Skript/releases/download/2.5.1/Skript.jar
[12:18:58] [Server thread/INFO]: [Skript] Loaded 128188 aliases in 6473ms
[12:18:58] [Server thread/INFO]: [Skript]  ~ created by & © Peter Güttinger aka Njol ~
[12:18:58] [Server thread/INFO]: [Skellett] Enabling Skellett v1.9.9
[12:19:00] [Server thread/INFO]: [Skellett] Registered 47 Effects, 16 Conditions, 134 Expressions and 25 Events
[12:19:00] [Server thread/INFO]: [Skellett] Has been enabled!
[12:19:00] [Server thread/INFO]: Running delayed init tasks
[12:19:00] [Server thread/INFO]: [Skript] Loading variables...
[12:19:00] [Server thread/INFO]: [Skript] Loaded 12 variables in 0.0 seconds
[12:19:00] [Server thread/ERROR]: [Skript] can't understand this condition: '{%player%.logged_in}' (login.sk, line 5: if {%player%.logged_in}:')
[12:19:01] [Server thread/ERROR]: [Skript] Can't compare a player with 'operator' (login.sk, line 7: if player is not operator:')
[12:19:01] [Server thread/ERROR]: [Skript] Can't understand this condition/effect: set player's leve to {%{%player%.logged_in_as}%.xp} (login.sk, line 46: set player's leve to {%{%player%.logged_in_as}%.xp}')
[12:19:01] [Server thread/ERROR]: [Skript] Can't understand this condition/effect: set player's movement speed to 1 (login.sk, line 59: set player's movement speed to 1')
[12:19:01] [Server thread/INFO]: [Skript] Loaded 4 scripts with a total of 1 trigger and 11 commands in 1.38 seconds
[12:19:01] [Server thread/INFO]: [Skript] Finished loading.
[12:19:01] [Server thread/INFO]: Done (16.888s)! For help, type "help"
[12:19:01] [Server thread/INFO]: Timings Reset
[12:20:46] [Server thread/INFO]: [Skript] Reloading the config and all scripts...
[12:20:50] [Server thread/INFO]: Loaded 128188 aliases in 4132ms
[12:20:50] [Server thread/ERROR]: Can't understand this condition/effect: set player's movement speed to 0 (login.sk, line 7: set player's movement speed to 0')
[12:20:50] [Server thread/ERROR]: Can't understand this condition/effect: set player's movement speed to 1 (login.sk, line 58: set player's movement speed to 1')
[12:20:50] [Server thread/INFO]: Loaded 4 scripts with a total of 1 trigger and 11 commands in 0.16 seconds
[12:20:50] [Server thread/INFO]: [Skript] Encountered 2 errors while reloading the config and all scripts!
[12:22:34] [Server thread/INFO]: [Skript] Reloading the config and all scripts...
[12:22:38] [Server thread/INFO]: Loaded 128188 aliases in 3667ms
[12:22:38] [Server thread/INFO]: All scripts loaded without errors.
[12:22:38] [Server thread/INFO]: Loaded 4 scripts with a total of 1 trigger and 11 commands in 0.08 seconds
[12:22:38] [Server thread/INFO]: [Skript] Successfully reloaded the config and all scripts.
[12:25:09] [Server thread/INFO]: [Skript] Reloading the config and all scripts...
[12:25:13] [Server thread/INFO]: Loaded 128188 aliases in 3782ms
[12:25:13] [Server thread/INFO]: All scripts loaded without errors.
[12:25:13] [Server thread/INFO]: Loaded 4 scripts with a total of 1 trigger and 11 commands in 0.13 seconds
[12:25:13] [Server thread/INFO]: [Skript] Successfully reloaded the config and all scripts.
[12:25:27] [Server thread/INFO]: Made lohmann99 no longer a server operator
[12:26:35] [User Authenticator #1/INFO]: UUID of player lohmann99 is 3d0cc251-2061-46f9-ae0d-437992b1f045
[12:26:36] [Server thread/INFO]: lohmann99 [3d0cc251-2061-46f9-ae0d-437992b1f045]: /logout
[12:26:37] [Server thread/INFO]: lohmann99 joined the game
[12:26:37] [Server thread/INFO]: lohmann99[/127.0.0.1:50003] logged in with entity id 159 at ([Fonixcraft]-69.0, 1.0, 22.0)
[12:26:41] [Server thread/WARN]: Can't keep up! Is the server overloaded? Running 5251ms or 105 ticks behind
[12:28:46] [Server thread/INFO]: lohmann99 issued server command: /login test test
[12:28:46] [Server thread/INFO]: lohmann99 [3d0cc251-2061-46f9-ae0d-437992b1f045]: /login test test
[12:30:03] [Server thread/INFO]: lohmann99 lost connection: Disconnected
[12:30:03] [Server thread/INFO]: lohmann99 left the game
[12:30:21] [Server thread/INFO]: Nothing changed. The player is not an operator
[12:30:24] [Server thread/INFO]: [Skript] Reloading the config and all scripts...
[12:30:30] [Server thread/INFO]: Loaded 128188 aliases in 6045ms
[12:30:30] [Server thread/INFO]: All scripts loaded without errors.
[12:30:30] [Server thread/INFO]: Loaded 4 scripts with a total of 1 trigger and 11 commands in 0.17 seconds
[12:30:30] [Server thread/INFO]: [Skript] Successfully reloaded the config and all scripts.
[12:30:30] [Server thread/WARN]: Can't keep up! Is the server overloaded? Running 6175ms or 123 ticks behind
[12:32:22] [User Authenticator #2/INFO]: UUID of player lohmann99 is 3d0cc251-2061-46f9-ae0d-437992b1f045
[12:32:22] [Server thread/INFO]: lohmann99 [3d0cc251-2061-46f9-ae0d-437992b1f045]: /logout
[12:32:22] [Server thread/INFO]: lohmann99 joined the game
[12:32:22] [Server thread/INFO]: lohmann99[/127.0.0.1:50238] logged in with entity id 498 at ([Fonixcraft]-69.0, 1.0, 22.0)
[12:32:45] [Server thread/INFO]: lohmann99 issued server command: /login test test
[12:32:45] [Server thread/INFO]: lohmann99 [3d0cc251-2061-46f9-ae0d-437992b1f045]: /login test test
[12:33:51] [Server thread/INFO]: lohmann99 issued server command: /logout
[12:33:51] [Server thread/INFO]: lohmann99 [3d0cc251-2061-46f9-ae0d-437992b1f045]: /logout
[12:33:55] [Server thread/INFO]: lohmann99 lost connection: Disconnected
[12:33:55] [Server thread/INFO]: lohmann99 left the game
[12:33:59] [Server thread/INFO]: Made lohmann99 a server operator
[12:34:05] [User Authenticator #3/INFO]: UUID of player lohmann99 is 3d0cc251-2061-46f9-ae0d-437992b1f045
[12:34:05] [Server thread/INFO]: lohmann99 joined the game
[12:34:05] [Server thread/INFO]: lohmann99[/127.0.0.1:50295] logged in with entity id 688 at ([Fonixcraft]-69.0, 1.0, 22.0)
[12:34:26] [Server thread/INFO]: lohmann99 issued server command: /setworldspawn
[12:34:26] [Server thread/INFO]: [lohmann99: Set the world spawn point to -67, 1, 22 [0.0]]
[12:35:21] [Server thread/INFO]: lohmann99 issued server command: /login test test
[12:35:21] [Server thread/INFO]: lohmann99 [3d0cc251-2061-46f9-ae0d-437992b1f045]: /login test test
[12:35:21] [Server thread/WARN]: lohmann99 moved too quickly! 76.97708611990622,62.0,-0.2789275872787087
[12:35:25] [Server thread/INFO]: lohmann99 issued server command: /logout
[12:35:25] [Server thread/INFO]: lohmann99 [3d0cc251-2061-46f9-ae0d-437992b1f045]: /logout
[12:40:18] [Server thread/INFO]: [Skript] Reloading the config and all scripts...
[12:40:24] [Server thread/INFO]: Loaded 128188 aliases in 5141ms
[12:40:24] [Server thread/INFO]: All scripts loaded without errors.
[12:40:24] [Server thread/INFO]: Loaded 4 scripts with a total of 1 trigger and 11 commands in 0.12 seconds
[12:40:24] [Server thread/INFO]: [Skript] Successfully reloaded the config and all scripts.
[12:40:24] [Server thread/WARN]: Can't keep up! Is the server overloaded? Running 5231ms or 104 ticks behind
[12:42:11] [Server thread/INFO]: lohmann99 issued server command: /login test test
[12:42:11] [Server thread/INFO]: lohmann99 [3d0cc251-2061-46f9-ae0d-437992b1f045]: /login test test
[12:43:22] [Server thread/INFO]: lohmann99 issued server command: /logout
[12:43:22] [Server thread/INFO]: lohmann99 [3d0cc251-2061-46f9-ae0d-437992b1f045]: /logout
[12:43:30] [Server thread/INFO]: lohmann99 lost connection: Disconnected
[12:43:30] [Server thread/INFO]: lohmann99 left the game
[12:43:41] [Server thread/INFO]: Stopping the server
[12:43:41] [Server thread/INFO]: Stopping server
[12:43:41] [Server thread/INFO]: [Skellett] Disabling Skellett v1.9.9
[12:43:41] [Server thread/INFO]: [Skript] Disabling Skript v2.5
[12:43:41] [Server thread/INFO]: [WorldGuard] Disabling WorldGuard v7.0.4+f7ff984
[12:43:41] [Server thread/INFO]: [WorldGuard] Shutting down executor and cancelling any pending tasks...
[12:43:41] [Server thread/INFO]: [WorldEdit] Disabling WorldEdit v7.2.0-beta-05+e575ffe
[12:43:41] [Server thread/INFO]: Unregistering com.sk89q.worldedit.bukkit.BukkitServerInterface from WorldEdit
[12:43:41] [Server thread/INFO]: Saving players
[12:43:41] [Server thread/INFO]: Saving worlds
[12:43:41] [Server thread/INFO]: Saving chunks for level 'ServerLevel[Fonixcraft]'/minecraft:overworld
[12:43:42] [Server thread/INFO]: ThreadedAnvilChunkStorage (Fonixcraft): All chunks are saved
[12:43:42] [Server thread/INFO]: Saving chunks for level 'ServerLevel[Fonixcraft_nether]'/minecraft:the_nether
[12:43:42] [Server thread/INFO]: ThreadedAnvilChunkStorage (DIM-1): All chunks are saved
[12:43:42] [Server thread/INFO]: Saving chunks for level 'ServerLevel[Fonixcraft_the_end]'/minecraft:the_end
[12:43:42] [Server thread/INFO]: ThreadedAnvilChunkStorage (DIM1): All chunks are saved
[12:43:42] [Server thread/INFO]: ThreadedAnvilChunkStorage (Fonixcraft): All chunks are saved
[12:43:42] [Server thread/INFO]: ThreadedAnvilChunkStorage (DIM-1): All chunks are saved
[12:43:42] [Server thread/INFO]: ThreadedAnvilChunkStorage (DIM1): All chunks are saved
[12:43:42] [Server thread/INFO]: Flushing Chunk IO
[12:43:42] [Server thread/INFO]: Closing Thread Pool
[12:43:42] [Server thread/INFO]: Closing Server
